<?xml version="1.0" encoding="UTF-8"?>
<testng-results skipped="0" failed="1" ignored="0" total="2" passed="1">
  <reporter-output>
  </reporter-output>
  <suite name="Default suite" duration-ms="18711" started-at="2023-05-23T06:44:00Z" finished-at="2023-05-23T06:44:19Z">
    <groups>
    </groups>
    <test name="Default test" duration-ms="18711" started-at="2023-05-23T06:44:00Z" finished-at="2023-05-23T06:44:19Z">
      <class name="Assert.SimpleAssert">
        <test-method status="PASS" signature="openBrowserAndAppURL()[pri:1, instance:Assert.SimpleAssert@52e677af]" name="openBrowserAndAppURL" duration-ms="18364" started-at="2023-05-23T06:44:01Z" finished-at="2023-05-23T06:44:19Z">
          <reporter-output>
          </reporter-output>
        </test-method> <!-- openBrowserAndAppURL -->
        <test-method status="FAIL" signature="loginInToApplication()[pri:2, instance:Assert.SimpleAssert@52e677af]" name="loginInToApplication" duration-ms="150" started-at="2023-05-23T06:44:19Z" finished-at="2023-05-23T06:44:19Z">
          <exception class="java.lang.NullPointerException">
            <full-stacktrace>
              <![CDATA[java.lang.NullPointerException
at Assert.SimpleAssert.loginInToApplication(SimpleAssert.java:46)
at sun.reflect.NativeMethodAccessorImpl.invoke0(Native Method)
at sun.reflect.NativeMethodAccessorImpl.invoke(NativeMethodAccessorImpl.java:62)
at sun.reflect.DelegatingMethodAccessorImpl.invoke(DelegatingMethodAccessorImpl.java:43)
at java.lang.reflect.Method.invoke(Method.java:498)
at org.testng.internal.MethodInvocationHelper.invokeMethod(MethodInvocationHelper.java:124)
at org.testng.internal.Invoker.invokeMethod(Invoker.java:583)
at org.testng.internal.Invoker.invokeTestMethod(Invoker.java:719)
at org.testng.internal.Invoker.invokeTestMethods(Invoker.java:989)
at org.testng.internal.TestMethodWorker.invokeTestMethods(TestMethodWorker.java:125)
at org.testng.internal.TestMethodWorker.run(TestMethodWorker.java:109)
at org.testng.TestRunner.privateRun(TestRunner.java:648)
at org.testng.TestRunner.run(TestRunner.java:505)
at org.testng.SuiteRunner.runTest(SuiteRunner.java:455)
at org.testng.SuiteRunner.runSequentially(SuiteRunner.java:450)
at org.testng.SuiteRunner.privateRun(SuiteRunner.java:415)
at org.testng.SuiteRunner.run(SuiteRunner.java:364)
at org.testng.SuiteRunnerWorker.runSuite(SuiteRunnerWorker.java:52)
at org.testng.SuiteRunnerWorker.run(SuiteRunnerWorker.java:84)
at org.testng.TestNG.runSuitesSequentially(TestNG.java:1208)
at org.testng.TestNG.runSuitesLocally(TestNG.java:1137)
at org.testng.TestNG.runSuites(TestNG.java:1049)
at org.testng.TestNG.run(TestNG.java:1017)
at org.testng.remote.AbstractRemoteTestNG.run(AbstractRemoteTestNG.java:115)
at org.testng.remote.RemoteTestNG.initAndRun(RemoteTestNG.java:251)
at org.testng.remote.RemoteTestNG.main(RemoteTestNG.java:77)
]]>
            </full-stacktrace>
          </exception> <!-- java.lang.NullPointerException -->
          <reporter-output>
          </reporter-output>
        </test-method> <!-- loginInToApplication -->
      </class> <!-- Assert.SimpleAssert -->
    </test> <!-- Default test -->
  </suite> <!-- Default suite -->
</testng-results>
